<?xml version="1.0" encoding="UTF-8"?>
<coverage generated="1554249504243" clover="3.2.0">
  <project timestamp="1554249504243" name="All files">
    <metrics statements="98" coveredstatements="78" conditionals="56" coveredconditionals="35" methods="36" coveredmethods="19" elements="190" coveredelements="132" complexity="0" loc="98" ncloc="98" packages="7" files="23" classes="23"/>
    <package name="common">
      <metrics statements="14" coveredstatements="11" conditionals="13" coveredconditionals="12" methods="11" coveredmethods="5"/>
      <file name="ButtonActionRound.js" path="/Users/andy/Desktop/Upwork/ReservationApp/src/common/ButtonActionRound.js">
        <metrics statements="2" coveredstatements="2" conditionals="2" coveredconditionals="2" methods="2" coveredmethods="1"/>
        <line num="12" count="3" type="stmt"/>
        <line num="23" count="4" type="stmt"/>
      </file>
      <file name="HeaderImage.js" path="/Users/andy/Desktop/Upwork/ReservationApp/src/common/HeaderImage.js">
        <metrics statements="2" coveredstatements="2" conditionals="0" coveredconditionals="0" methods="1" coveredmethods="1"/>
        <line num="8" count="3" type="stmt"/>
        <line num="11" count="4" type="stmt"/>
      </file>
      <file name="HeaderTitle.js" path="/Users/andy/Desktop/Upwork/ReservationApp/src/common/HeaderTitle.js">
        <metrics statements="2" coveredstatements="2" conditionals="5" coveredconditionals="5" methods="2" coveredmethods="1"/>
        <line num="17" count="4" type="stmt"/>
        <line num="30" count="5" type="stmt"/>
      </file>
      <file name="InputRegular.js" path="/Users/andy/Desktop/Upwork/ReservationApp/src/common/InputRegular.js">
        <metrics statements="6" coveredstatements="3" conditionals="6" coveredconditionals="5" methods="5" coveredmethods="1"/>
        <line num="14" count="5" type="stmt"/>
        <line num="16" count="5" type="stmt"/>
        <line num="21" count="0" type="stmt"/>
        <line num="22" count="0" type="stmt"/>
        <line num="23" count="0" type="stmt"/>
        <line num="33" count="3" type="stmt"/>
      </file>
      <file name="LoadingIndicator.js" path="/Users/andy/Desktop/Upwork/ReservationApp/src/common/LoadingIndicator.js">
        <metrics statements="2" coveredstatements="2" conditionals="0" coveredconditionals="0" methods="1" coveredmethods="1"/>
        <line num="19" count="1" type="stmt"/>
        <line num="32" count="2" type="stmt"/>
      </file>
    </package>
    <package name="common.img">
      <metrics statements="1" coveredstatements="1" conditionals="0" coveredconditionals="0" methods="0" coveredmethods="0"/>
      <file name="hotel-front-desk.jpeg" path="/Users/andy/Desktop/Upwork/ReservationApp/src/common/img/hotel-front-desk.jpeg">
        <metrics statements="1" coveredstatements="1" conditionals="0" coveredconditionals="0" methods="0" coveredmethods="0"/>
        <line num="1" count="4" type="stmt"/>
      </file>
      <file name="index.js" path="/Users/andy/Desktop/Upwork/ReservationApp/src/common/img/index.js">
        <metrics statements="0" coveredstatements="0" conditionals="0" coveredconditionals="0" methods="0" coveredmethods="0"/>
      </file>
    </package>
    <package name="graphql.mutations">
      <metrics statements="1" coveredstatements="1" conditionals="0" coveredconditionals="0" methods="0" coveredmethods="0"/>
      <file name="createReservations.js" path="/Users/andy/Desktop/Upwork/ReservationApp/src/graphql/mutations/createReservations.js">
        <metrics statements="1" coveredstatements="1" conditionals="0" coveredconditionals="0" methods="0" coveredmethods="0"/>
        <line num="3" count="2" type="stmt"/>
      </file>
    </package>
    <package name="graphql.queries">
      <metrics statements="1" coveredstatements="1" conditionals="0" coveredconditionals="0" methods="0" coveredmethods="0"/>
      <file name="reservationQuery.js" path="/Users/andy/Desktop/Upwork/ReservationApp/src/graphql/queries/reservationQuery.js">
        <metrics statements="1" coveredstatements="1" conditionals="0" coveredconditionals="0" methods="0" coveredmethods="0"/>
        <line num="3" count="2" type="stmt"/>
      </file>
    </package>
    <package name="tabs.reservations">
      <metrics statements="72" coveredstatements="55" conditionals="41" coveredconditionals="21" methods="21" coveredmethods="10"/>
      <file name="Reservations.js" path="/Users/andy/Desktop/Upwork/ReservationApp/src/screens/reservations/Reservations.js">
        <metrics statements="12" coveredstatements="3" conditionals="6" coveredconditionals="0" methods="3" coveredmethods="0"/>
        <line num="20" count="1" type="stmt"/>
        <line num="29" count="1" type="stmt"/>
        <line num="30" count="0" type="stmt"/>
        <line num="32" count="0" type="stmt"/>
        <line num="33" count="0" type="stmt"/>
        <line num="35" count="0" type="stmt"/>
        <line num="36" count="0" type="stmt"/>
        <line num="39" count="0" type="cond" truecount="0" falsecount="4"/>
        <line num="40" count="0" type="stmt"/>
        <line num="48" count="0" type="cond" truecount="0" falsecount="2"/>
        <line num="51" count="0" type="stmt"/>
        <line num="59" count="1" type="stmt"/>
      </file>
      <file name="ReservationsHeader.js" path="/Users/andy/Desktop/Upwork/ReservationApp/src/screens/reservations/ReservationsHeader.js">
        <metrics statements="2" coveredstatements="2" conditionals="1" coveredconditionals="1" methods="1" coveredmethods="1"/>
        <line num="16" count="2" type="stmt"/>
        <line num="22" count="3" type="stmt"/>
      </file>
      <file name="ReservationsList.js" path="/Users/andy/Desktop/Upwork/ReservationApp/src/screens/reservations/ReservationsList.js">
        <metrics statements="6" coveredstatements="5" conditionals="6" coveredconditionals="4" methods="4" coveredmethods="2"/>
        <line num="20" count="5" type="stmt"/>
        <line num="22" count="0" type="stmt"/>
        <line num="25" count="4" type="cond" truecount="1" falsecount="1"/>
        <line num="26" count="4" type="cond" truecount="1" falsecount="1"/>
        <line num="27" count="4" type="stmt"/>
        <line num="38" count="2" type="stmt"/>
      </file>
      <file name="ReservationsListItem.js" path="/Users/andy/Desktop/Upwork/ReservationApp/src/screens/reservations/ReservationsListItem.js">
        <metrics statements="5" coveredstatements="2" conditionals="3" coveredconditionals="1" methods="2" coveredmethods="1"/>
        <line num="15" count="4" type="cond" truecount="1" falsecount="1"/>
        <line num="16" count="0" type="stmt"/>
        <line num="17" count="0" type="stmt"/>
        <line num="22" count="0" type="stmt"/>
        <line num="37" count="3" type="stmt"/>
      </file>
      <file name="ReservationsScheduler.js" path="/Users/andy/Desktop/Upwork/ReservationApp/src/screens/reservations/ReservationsScheduler.js">
        <metrics statements="16" coveredstatements="12" conditionals="9" coveredconditionals="4" methods="6" coveredmethods="2"/>
        <line num="23" count="3" type="stmt"/>
        <line num="24" count="3" type="stmt"/>
        <line num="25" count="3" type="stmt"/>
        <line num="26" count="3" type="stmt"/>
        <line num="28" count="3" type="stmt"/>
        <line num="29" count="3" type="cond" truecount="1" falsecount="1"/>
        <line num="30" count="3" type="cond" truecount="1" falsecount="1"/>
        <line num="31" count="3" type="cond" truecount="1" falsecount="1"/>
        <line num="32" count="3" type="cond" truecount="1" falsecount="1"/>
        <line num="34" count="3" type="stmt"/>
        <line num="48" count="1" type="stmt"/>
        <line num="78" count="0" type="stmt"/>
        <line num="88" count="0" type="stmt"/>
        <line num="89" count="0" type="stmt"/>
        <line num="91" count="0" type="stmt"/>
        <line num="101" count="2" type="stmt"/>
      </file>
      <file name="sortReservations.js" path="/Users/andy/Desktop/Upwork/ReservationApp/src/screens/reservations/sortReservations.js">
        <metrics statements="31" coveredstatements="31" conditionals="16" coveredconditionals="11" methods="5" coveredmethods="4"/>
        <line num="7" count="1" type="stmt"/>
        <line num="8" count="1" type="stmt"/>
        <line num="9" count="6" type="cond" truecount="1" falsecount="1"/>
        <line num="10" count="6" type="stmt"/>
        <line num="11" count="6" type="stmt"/>
        <line num="12" count="6" type="cond" truecount="2" falsecount="0"/>
        <line num="13" count="2" type="stmt"/>
        <line num="15" count="4" type="stmt"/>
        <line num="16" count="4" type="stmt"/>
        <line num="17" count="4" type="stmt"/>
        <line num="18" count="6" type="cond" truecount="2" falsecount="0"/>
        <line num="19" count="3" type="stmt"/>
        <line num="20" count="3" type="stmt"/>
        <line num="22" count="3" type="stmt"/>
        <line num="24" count="1" type="stmt"/>
        <line num="28" count="1" type="stmt"/>
        <line num="29" count="2" type="stmt"/>
        <line num="30" count="1" type="stmt"/>
        <line num="34" count="6" type="stmt"/>
        <line num="35" count="6" type="stmt"/>
        <line num="36" count="6" type="stmt"/>
        <line num="37" count="6" type="stmt"/>
        <line num="38" count="6" type="cond" truecount="2" falsecount="0"/>
        <line num="39" count="3" type="stmt"/>
        <line num="40" count="3" type="stmt"/>
        <line num="41" count="3" type="cond" truecount="1" falsecount="1"/>
        <line num="42" count="3" type="stmt"/>
        <line num="43" count="3" type="stmt"/>
        <line num="44" count="3" type="cond" truecount="3" falsecount="1"/>
        <line num="45" count="3" type="stmt"/>
        <line num="49" count="2" type="stmt"/>
      </file>
    </package>
    <package name="theme">
      <metrics statements="2" coveredstatements="2" conditionals="0" coveredconditionals="0" methods="0" coveredmethods="0"/>
      <file name="borderBox.js" path="/Users/andy/Desktop/Upwork/ReservationApp/src/theme/borderBox.js">
        <metrics statements="0" coveredstatements="0" conditionals="0" coveredconditionals="0" methods="0" coveredmethods="0"/>
      </file>
      <file name="colors.js" path="/Users/andy/Desktop/Upwork/ReservationApp/src/theme/colors.js">
        <metrics statements="0" coveredstatements="0" conditionals="0" coveredconditionals="0" methods="0" coveredmethods="0"/>
      </file>
      <file name="constants.js" path="/Users/andy/Desktop/Upwork/ReservationApp/src/theme/constants.js">
        <metrics statements="1" coveredstatements="1" conditionals="0" coveredconditionals="0" methods="0" coveredmethods="0"/>
        <line num="2" count="10" type="stmt"/>
      </file>
      <file name="elevation.js" path="/Users/andy/Desktop/Upwork/ReservationApp/src/theme/elevation.js">
        <metrics statements="1" coveredstatements="1" conditionals="0" coveredconditionals="0" methods="0" coveredmethods="0"/>
        <line num="4" count="10" type="stmt"/>
      </file>
      <file name="fonts.js" path="/Users/andy/Desktop/Upwork/ReservationApp/src/theme/fonts.js">
        <metrics statements="0" coveredstatements="0" conditionals="0" coveredconditionals="0" methods="0" coveredmethods="0"/>
      </file>
      <file name="hitSlops.js" path="/Users/andy/Desktop/Upwork/ReservationApp/src/theme/hitSlops.js">
        <metrics statements="0" coveredstatements="0" conditionals="0" coveredconditionals="0" methods="0" coveredmethods="0"/>
      </file>
      <file name="index.js" path="/Users/andy/Desktop/Upwork/ReservationApp/src/theme/index.js">
        <metrics statements="0" coveredstatements="0" conditionals="0" coveredconditionals="0" methods="0" coveredmethods="0"/>
      </file>
    </package>
    <package name="utils">
      <metrics statements="7" coveredstatements="7" conditionals="2" coveredconditionals="2" methods="4" coveredmethods="4"/>
      <file name="ErrorBoundary.js" path="/Users/andy/Desktop/Upwork/ReservationApp/src/utils/ErrorBoundary.js">
        <metrics statements="7" coveredstatements="7" conditionals="2" coveredconditionals="2" methods="4" coveredmethods="4"/>
        <line num="6" count="1" type="stmt"/>
        <line num="7" count="1" type="stmt"/>
        <line num="12" count="1" type="stmt"/>
        <line num="17" count="1" type="stmt"/>
        <line num="21" count="2" type="cond" truecount="2" falsecount="0"/>
        <line num="23" count="1" type="stmt"/>
        <line num="26" count="1" type="stmt"/>
      </file>
    </package>
  </project>
</coverage>
