{"/Users/andy/Desktop/Upwork/ReservationApp/src/common/ButtonActionRound.js": {"path":"/Users/andy/Desktop/Upwork/ReservationApp/src/common/ButtonActionRound.js","statementMap":{"0":{"start":{"line":12,"column":2},"end":{"line":20,"column":9}},"1":{"start":{"line":23,"column":15},"end":{"line":45,"column":2}}},"fnMap":{"0":{"name":"(anonymous_0)","decl":{"start":{"line":11,"column":35},"end":{"line":11,"column":36}},"loc":{"start":{"line":12,"column":2},"end":{"line":20,"column":9}},"line":12},"1":{"name":"(anonymous_1)","decl":{"start":{"line":11,"column":48},"end":{"line":11,"column":49}},"loc":{"start":{"line":11,"column":54},"end":{"line":11,"column":56}},"line":11}},"branchMap":{"0":{"loc":{"start":{"line":11,"column":38},"end":{"line":11,"column":56}},"type":"default-arg","locations":[{"start":{"line":11,"column":48},"end":{"line":11,"column":56}}],"line":11},"1":{"loc":{"start":{"line":11,"column":58},"end":{"line":11,"column":68}},"type":"default-arg","locations":[{"start":{"line":11,"column":65},"end":{"line":11,"column":68}}],"line":11}},"s":{"0":3,"1":4},"f":{"0":3,"1":0},"b":{"0":[1],"1":[3]},"_coverageSchema":"43e27e138ebf9cfc5966b082cf9a028302ed4184","hash":"952295fcc1ec8d62d6357dcb939eca3ced2650b3"}
,"/Users/andy/Desktop/Upwork/ReservationApp/src/common/HeaderImage.js": {"path":"/Users/andy/Desktop/Upwork/ReservationApp/src/common/HeaderImage.js","statementMap":{"0":{"start":{"line":8,"column":2},"end":{"line":8,"column":66}},"1":{"start":{"line":11,"column":15},"end":{"line":17,"column":2}}},"fnMap":{"0":{"name":"(anonymous_0)","decl":{"start":{"line":7,"column":29},"end":{"line":7,"column":30}},"loc":{"start":{"line":8,"column":2},"end":{"line":8,"column":66}},"line":8}},"branchMap":{},"s":{"0":3,"1":4},"f":{"0":3},"b":{},"_coverageSchema":"43e27e138ebf9cfc5966b082cf9a028302ed4184","hash":"95e91e2db11094f9c6a18fe9e9222d68d6273a6b"}
,"/Users/andy/Desktop/Upwork/ReservationApp/src/common/HeaderTitle.js": {"path":"/Users/andy/Desktop/Upwork/ReservationApp/src/common/HeaderTitle.js","statementMap":{"0":{"start":{"line":17,"column":2},"end":{"line":27,"column":9}},"1":{"start":{"line":30,"column":15},"end":{"line":49,"column":2}}},"fnMap":{"0":{"name":"(anonymous_0)","decl":{"start":{"line":16,"column":15},"end":{"line":16,"column":16}},"loc":{"start":{"line":17,"column":2},"end":{"line":27,"column":9}},"line":17},"1":{"name":"(anonymous_1)","decl":{"start":{"line":16,"column":32},"end":{"line":16,"column":33}},"loc":{"start":{"line":16,"column":38},"end":{"line":16,"column":40}},"line":16}},"branchMap":{"0":{"loc":{"start":{"line":16,"column":18},"end":{"line":16,"column":40}},"type":"default-arg","locations":[{"start":{"line":16,"column":32},"end":{"line":16,"column":40}}],"line":16},"1":{"loc":{"start":{"line":16,"column":42},"end":{"line":16,"column":58}},"type":"default-arg","locations":[{"start":{"line":16,"column":56},"end":{"line":16,"column":58}}],"line":16},"2":{"loc":{"start":{"line":16,"column":60},"end":{"line":16,"column":70}},"type":"default-arg","locations":[{"start":{"line":16,"column":68},"end":{"line":16,"column":70}}],"line":16},"3":{"loc":{"start":{"line":18,"column":5},"end":{"line":25,"column":25}},"type":"binary-expr","locations":[{"start":{"line":18,"column":5},"end":{"line":18,"column":25}},{"start":{"line":19,"column":6},"end":{"line":25,"column":25}}],"line":18}},"s":{"0":4,"1":5},"f":{"0":4,"1":0},"b":{"0":[3],"1":[3],"2":[1],"3":[4,1]},"_coverageSchema":"43e27e138ebf9cfc5966b082cf9a028302ed4184","hash":"107683248446b2d4f319beeb004ed6dc7723fa79"}
,"/Users/andy/Desktop/Upwork/ReservationApp/src/common/InputRegular.js": {"path":"/Users/andy/Desktop/Upwork/ReservationApp/src/common/InputRegular.js","statementMap":{"0":{"start":{"line":14,"column":32},"end":{"line":14,"column":47}},"1":{"start":{"line":16,"column":2},"end":{"line":30,"column":4}},"2":{"start":{"line":21,"column":22},"end":{"line":21,"column":39}},"3":{"start":{"line":22,"column":32},"end":{"line":22,"column":46}},"4":{"start":{"line":23,"column":23},"end":{"line":23,"column":39}},"5":{"start":{"line":33,"column":15},"end":{"line":56,"column":2}}},"fnMap":{"0":{"name":"(anonymous_0)","decl":{"start":{"line":13,"column":30},"end":{"line":13,"column":31}},"loc":{"start":{"line":13,"column":100},"end":{"line":31,"column":1}},"line":13},"1":{"name":"(anonymous_1)","decl":{"start":{"line":13,"column":56},"end":{"line":13,"column":57}},"loc":{"start":{"line":13,"column":62},"end":{"line":13,"column":64}},"line":13},"2":{"name":"(anonymous_2)","decl":{"start":{"line":21,"column":16},"end":{"line":21,"column":17}},"loc":{"start":{"line":21,"column":22},"end":{"line":21,"column":39}},"line":21},"3":{"name":"(anonymous_3)","decl":{"start":{"line":22,"column":22},"end":{"line":22,"column":23}},"loc":{"start":{"line":22,"column":32},"end":{"line":22,"column":46}},"line":22},"4":{"name":"(anonymous_4)","decl":{"start":{"line":23,"column":17},"end":{"line":23,"column":18}},"loc":{"start":{"line":23,"column":23},"end":{"line":23,"column":39}},"line":23}},"branchMap":{"0":{"loc":{"start":{"line":13,"column":33},"end":{"line":13,"column":43}},"type":"default-arg","locations":[{"start":{"line":13,"column":41},"end":{"line":13,"column":43}}],"line":13},"1":{"loc":{"start":{"line":13,"column":45},"end":{"line":13,"column":64}},"type":"default-arg","locations":[{"start":{"line":13,"column":56},"end":{"line":13,"column":64}}],"line":13},"2":{"loc":{"start":{"line":13,"column":66},"end":{"line":13,"column":82}},"type":"default-arg","locations":[{"start":{"line":13,"column":80},"end":{"line":13,"column":82}}],"line":13},"3":{"loc":{"start":{"line":13,"column":84},"end":{"line":13,"column":94}},"type":"default-arg","locations":[{"start":{"line":13,"column":92},"end":{"line":13,"column":94}}],"line":13},"4":{"loc":{"start":{"line":17,"column":36},"end":{"line":17,"column":61}},"type":"binary-expr","locations":[{"start":{"line":17,"column":36},"end":{"line":17,"column":43}},{"start":{"line":17,"column":47},"end":{"line":17,"column":61}}],"line":17}},"s":{"0":5,"1":5,"2":0,"3":0,"4":0,"5":3},"f":{"0":5,"1":0,"2":0,"3":0,"4":0},"b":{"0":[1],"1":[1],"2":[1],"3":[1],"4":[5,0]},"_coverageSchema":"43e27e138ebf9cfc5966b082cf9a028302ed4184","hash":"2fdba4bc5aabfc77ff58adf3efe1634676bd2ad0"}
,"/Users/andy/Desktop/Upwork/ReservationApp/src/common/LoadingIndicator.js": {"path":"/Users/andy/Desktop/Upwork/ReservationApp/src/common/LoadingIndicator.js","statementMap":{"0":{"start":{"line":19,"column":2},"end":{"line":29,"column":9}},"1":{"start":{"line":32,"column":15},"end":{"line":44,"column":2}}},"fnMap":{"0":{"name":"(anonymous_0)","decl":{"start":{"line":13,"column":34},"end":{"line":13,"column":35}},"loc":{"start":{"line":19,"column":2},"end":{"line":29,"column":9}},"line":19}},"branchMap":{},"s":{"0":1,"1":2},"f":{"0":1},"b":{},"_coverageSchema":"43e27e138ebf9cfc5966b082cf9a028302ed4184","hash":"3e5fef0f945282dc6c6f0cad37527b2774fa81d7"}
,"/Users/andy/Desktop/Upwork/ReservationApp/src/common/img/hotel-front-desk.jpeg": {"path":"/Users/andy/Desktop/Upwork/ReservationApp/src/common/img/hotel-front-desk.jpeg","statementMap":{"0":{"start":{"line":1,"column":0},"end":{"line":4,"column":6}}},"fnMap":{},"branchMap":{},"s":{"0":4},"f":{},"b":{},"_coverageSchema":"43e27e138ebf9cfc5966b082cf9a028302ed4184","hash":"3ec2bfb6eb0605e8742c93288014786f3b04c37b"}
,"/Users/andy/Desktop/Upwork/ReservationApp/src/common/img/index.js": {"path":"/Users/andy/Desktop/Upwork/ReservationApp/src/common/img/index.js","statementMap":{},"fnMap":{},"branchMap":{},"s":{},"f":{},"b":{},"_coverageSchema":"43e27e138ebf9cfc5966b082cf9a028302ed4184","hash":"f40afd8d864284942f35728aa6a054993c8e7ee9"}
,"/Users/andy/Desktop/Upwork/ReservationApp/src/graphql/mutations/createReservations.js": {"path":"/Users/andy/Desktop/Upwork/ReservationApp/src/graphql/mutations/createReservations.js","statementMap":{"0":{"start":{"line":3,"column":26},"end":{"line":13,"column":1}}},"fnMap":{},"branchMap":{},"s":{"0":2},"f":{},"b":{},"_coverageSchema":"43e27e138ebf9cfc5966b082cf9a028302ed4184","hash":"c8aeeb4977a7ab363731bd12468a7c79938aa7b7"}
,"/Users/andy/Desktop/Upwork/ReservationApp/src/graphql/queries/reservationQuery.js": {"path":"/Users/andy/Desktop/Upwork/ReservationApp/src/graphql/queries/reservationQuery.js","statementMap":{"0":{"start":{"line":3,"column":25},"end":{"line":13,"column":1}}},"fnMap":{},"branchMap":{},"s":{"0":2},"f":{},"b":{},"_coverageSchema":"43e27e138ebf9cfc5966b082cf9a028302ed4184","hash":"4cca31470e8c0976ba55fcaadf37feaa08d1d459"}
,"/Users/andy/Desktop/Upwork/ReservationApp/src/screens/reservations/Reservations.js": {"path":"/Users/andy/Desktop/Upwork/ReservationApp/src/screens/reservations/Reservations.js","statementMap":{"0":{"start":{"line":20,"column":19},"end":{"line":23,"column":1}},"1":{"start":{"line":29,"column":21},"end":{"line":57,"column":1}},"2":{"start":{"line":30,"column":22},"end":{"line":30,"column":26}},"3":{"start":{"line":32,"column":42},"end":{"line":32,"column":56}},"4":{"start":{"line":33,"column":44},"end":{"line":33,"column":59}},"5":{"start":{"line":35,"column":2},"end":{"line":37,"column":26}},"6":{"start":{"line":36,"column":4},"end":{"line":36,"column":57}},"7":{"start":{"line":39,"column":2},"end":{"line":46,"column":3}},"8":{"start":{"line":40,"column":4},"end":{"line":45,"column":6}},"9":{"start":{"line":48,"column":2},"end":{"line":48,"column":97}},"10":{"start":{"line":48,"column":21},"end":{"line":48,"column":97}},"11":{"start":{"line":48,"column":69},"end":{"line":48,"column":92}},"12":{"start":{"line":51,"column":2},"end":{"line":56,"column":4}},"13":{"start":{"line":59,"column":15},"end":{"line":63,"column":2}}},"fnMap":{"0":{"name":"(anonymous_0)","decl":{"start":{"line":29,"column":21},"end":{"line":29,"column":22}},"loc":{"start":{"line":29,"column":42},"end":{"line":57,"column":1}},"line":29},"1":{"name":"(anonymous_1)","decl":{"start":{"line":35,"column":12},"end":{"line":35,"column":13}},"loc":{"start":{"line":35,"column":18},"end":{"line":37,"column":3}},"line":35},"2":{"name":"(anonymous_2)","decl":{"start":{"line":48,"column":63},"end":{"line":48,"column":64}},"loc":{"start":{"line":48,"column":69},"end":{"line":48,"column":92}},"line":48}},"branchMap":{"0":{"loc":{"start":{"line":39,"column":2},"end":{"line":46,"column":3}},"type":"if","locations":[{"start":{"line":39,"column":2},"end":{"line":46,"column":3}},{"start":{"line":39,"column":2},"end":{"line":46,"column":3}}],"line":39},"1":{"loc":{"start":{"line":39,"column":6},"end":{"line":39,"column":38}},"type":"binary-expr","locations":[{"start":{"line":39,"column":6},"end":{"line":39,"column":13}},{"start":{"line":39,"column":17},"end":{"line":39,"column":38}}],"line":39},"2":{"loc":{"start":{"line":48,"column":2},"end":{"line":48,"column":97}},"type":"if","locations":[{"start":{"line":48,"column":2},"end":{"line":48,"column":97}},{"start":{"line":48,"column":2},"end":{"line":48,"column":97}}],"line":48}},"s":{"0":1,"1":1,"2":0,"3":0,"4":0,"5":0,"6":0,"7":0,"8":0,"9":0,"10":0,"11":0,"12":0,"13":1},"f":{"0":0,"1":0,"2":0},"b":{"0":[0,0],"1":[0,0],"2":[0,0]},"_coverageSchema":"43e27e138ebf9cfc5966b082cf9a028302ed4184","hash":"6a78f39312a39275235abec6ce2b6868402bd97f"}
,"/Users/andy/Desktop/Upwork/ReservationApp/src/screens/reservations/ReservationsHeader.js": {"path":"/Users/andy/Desktop/Upwork/ReservationApp/src/screens/reservations/ReservationsHeader.js","statementMap":{"0":{"start":{"line":16,"column":2},"end":{"line":19,"column":9}},"1":{"start":{"line":22,"column":15},"end":{"line":29,"column":2}}},"fnMap":{"0":{"name":"(anonymous_0)","decl":{"start":{"line":15,"column":15},"end":{"line":15,"column":16}},"loc":{"start":{"line":16,"column":2},"end":{"line":19,"column":9}},"line":16}},"branchMap":{"0":{"loc":{"start":{"line":15,"column":17},"end":{"line":15,"column":39}},"type":"default-arg","locations":[{"start":{"line":15,"column":25},"end":{"line":15,"column":39}}],"line":15}},"s":{"0":2,"1":3},"f":{"0":2},"b":{"0":[1]},"_coverageSchema":"43e27e138ebf9cfc5966b082cf9a028302ed4184","hash":"54b1890aa94091bebb3c7f4b08443b0316e7d3c7"}
,"/Users/andy/Desktop/Upwork/ReservationApp/src/screens/reservations/ReservationsList.js": {"path":"/Users/andy/Desktop/Upwork/ReservationApp/src/screens/reservations/ReservationsList.js","statementMap":{"0":{"start":{"line":20,"column":2},"end":{"line":35,"column":9}},"1":{"start":{"line":22,"column":33},"end":{"line":22,"column":55}},"2":{"start":{"line":25,"column":8},"end":{"line":25,"column":51}},"3":{"start":{"line":25,"column":39},"end":{"line":25,"column":51}},"4":{"start":{"line":26,"column":8},"end":{"line":26,"column":52}},"5":{"start":{"line":26,"column":40},"end":{"line":26,"column":52}},"6":{"start":{"line":27,"column":8},"end":{"line":32,"column":10}},"7":{"start":{"line":38,"column":15},"end":{"line":48,"column":2}}},"fnMap":{"0":{"name":"(anonymous_0)","decl":{"start":{"line":19,"column":15},"end":{"line":19,"column":16}},"loc":{"start":{"line":20,"column":2},"end":{"line":35,"column":9}},"line":20},"1":{"name":"(anonymous_1)","decl":{"start":{"line":19,"column":49},"end":{"line":19,"column":50}},"loc":{"start":{"line":19,"column":55},"end":{"line":19,"column":57}},"line":19},"2":{"name":"(anonymous_2)","decl":{"start":{"line":22,"column":27},"end":{"line":22,"column":28}},"loc":{"start":{"line":22,"column":33},"end":{"line":22,"column":55}},"line":22},"3":{"name":"(anonymous_3)","decl":{"start":{"line":24,"column":18},"end":{"line":24,"column":19}},"loc":{"start":{"line":24,"column":34},"end":{"line":33,"column":7}},"line":24}},"branchMap":{"0":{"loc":{"start":{"line":19,"column":17},"end":{"line":19,"column":28}},"type":"default-arg","locations":[{"start":{"line":19,"column":26},"end":{"line":19,"column":28}}],"line":19},"1":{"loc":{"start":{"line":19,"column":30},"end":{"line":19,"column":57}},"type":"default-arg","locations":[{"start":{"line":19,"column":49},"end":{"line":19,"column":57}}],"line":19},"2":{"loc":{"start":{"line":25,"column":8},"end":{"line":25,"column":51}},"type":"if","locations":[{"start":{"line":25,"column":8},"end":{"line":25,"column":51}},{"start":{"line":25,"column":8},"end":{"line":25,"column":51}}],"line":25},"3":{"loc":{"start":{"line":26,"column":8},"end":{"line":26,"column":52}},"type":"if","locations":[{"start":{"line":26,"column":8},"end":{"line":26,"column":52}},{"start":{"line":26,"column":8},"end":{"line":26,"column":52}}],"line":26}},"s":{"0":5,"1":0,"2":4,"3":0,"4":4,"5":0,"6":4,"7":2},"f":{"0":5,"1":0,"2":0,"3":4},"b":{"0":[1],"1":[1],"2":[0,4],"3":[0,4]},"_coverageSchema":"43e27e138ebf9cfc5966b082cf9a028302ed4184","hash":"7baa6519fbe6af917e21320e41c5c96a85de127a"}
,"/Users/andy/Desktop/Upwork/ReservationApp/src/screens/reservations/ReservationsListItem.js": {"path":"/Users/andy/Desktop/Upwork/ReservationApp/src/screens/reservations/ReservationsListItem.js","statementMap":{"0":{"start":{"line":15,"column":2},"end":{"line":15,"column":64}},"1":{"start":{"line":15,"column":52},"end":{"line":15,"column":64}},"2":{"start":{"line":16,"column":20},"end":{"line":16,"column":45}},"3":{"start":{"line":17,"column":2},"end":{"line":34,"column":4}},"4":{"start":{"line":22,"column":8},"end":{"line":31,"column":15}},"5":{"start":{"line":37,"column":15},"end":{"line":73,"column":2}}},"fnMap":{"0":{"name":"(anonymous_0)","decl":{"start":{"line":14,"column":15},"end":{"line":14,"column":16}},"loc":{"start":{"line":14,"column":53},"end":{"line":35,"column":1}},"line":14},"1":{"name":"(anonymous_1)","decl":{"start":{"line":21,"column":24},"end":{"line":21,"column":25}},"loc":{"start":{"line":22,"column":8},"end":{"line":31,"column":15}},"line":22}},"branchMap":{"0":{"loc":{"start":{"line":14,"column":18},"end":{"line":14,"column":35}},"type":"default-arg","locations":[{"start":{"line":14,"column":33},"end":{"line":14,"column":35}}],"line":14},"1":{"loc":{"start":{"line":15,"column":2},"end":{"line":15,"column":64}},"type":"if","locations":[{"start":{"line":15,"column":2},"end":{"line":15,"column":64}},{"start":{"line":15,"column":2},"end":{"line":15,"column":64}}],"line":15}},"s":{"0":4,"1":4,"2":0,"3":0,"4":0,"5":3},"f":{"0":4,"1":0},"b":{"0":[0],"1":[4,0]},"_coverageSchema":"43e27e138ebf9cfc5966b082cf9a028302ed4184","hash":"2210623ba6c47eedb18f90d145dfdd54523f2b4f"}
,"/Users/andy/Desktop/Upwork/ReservationApp/src/screens/reservations/ReservationsScheduler.js": {"path":"/Users/andy/Desktop/Upwork/ReservationApp/src/screens/reservations/ReservationsScheduler.js","statementMap":{"0":{"start":{"line":23,"column":26},"end":{"line":23,"column":38}},"1":{"start":{"line":24,"column":28},"end":{"line":24,"column":40}},"2":{"start":{"line":25,"column":32},"end":{"line":25,"column":44}},"3":{"start":{"line":26,"column":36},"end":{"line":26,"column":48}},"4":{"start":{"line":28,"column":15},"end":{"line":28,"column":25}},"5":{"start":{"line":29,"column":14},"end":{"line":29,"column":89}},"6":{"start":{"line":30,"column":18},"end":{"line":30,"column":101}},"7":{"start":{"line":31,"column":16},"end":{"line":31,"column":106}},"8":{"start":{"line":32,"column":15},"end":{"line":32,"column":102}},"9":{"start":{"line":34,"column":2},"end":{"line":98,"column":4}},"10":{"start":{"line":48,"column":10},"end":{"line":94,"column":23}},"11":{"start":{"line":78,"column":16},"end":{"line":91,"column":84}},"12":{"start":{"line":88,"column":20},"end":{"line":88,"column":33}},"13":{"start":{"line":89,"column":20},"end":{"line":89,"column":72}},"14":{"start":{"line":91,"column":32},"end":{"line":91,"column":82}},"15":{"start":{"line":101,"column":15},"end":{"line":106,"column":2}}},"fnMap":{"0":{"name":"(anonymous_0)","decl":{"start":{"line":22,"column":15},"end":{"line":22,"column":16}},"loc":{"start":{"line":22,"column":53},"end":{"line":99,"column":1}},"line":22},"1":{"name":"(anonymous_1)","decl":{"start":{"line":22,"column":31},"end":{"line":22,"column":32}},"loc":{"start":{"line":22,"column":37},"end":{"line":22,"column":39}},"line":22},"2":{"name":"(anonymous_2)","decl":{"start":{"line":47,"column":9},"end":{"line":47,"column":10}},"loc":{"start":{"line":48,"column":10},"end":{"line":94,"column":23}},"line":48},"3":{"name":"(anonymous_3)","decl":{"start":{"line":77,"column":23},"end":{"line":77,"column":24}},"loc":{"start":{"line":77,"column":29},"end":{"line":92,"column":15}},"line":77},"4":{"name":"(anonymous_4)","decl":{"start":{"line":87,"column":24},"end":{"line":87,"column":25}},"loc":{"start":{"line":87,"column":31},"end":{"line":90,"column":19}},"line":87},"5":{"name":"(anonymous_5)","decl":{"start":{"line":91,"column":25},"end":{"line":91,"column":26}},"loc":{"start":{"line":91,"column":32},"end":{"line":91,"column":82}},"line":91}},"branchMap":{"0":{"loc":{"start":{"line":22,"column":18},"end":{"line":22,"column":39}},"type":"default-arg","locations":[{"start":{"line":22,"column":31},"end":{"line":22,"column":39}}],"line":22},"1":{"loc":{"start":{"line":29,"column":14},"end":{"line":29,"column":89}},"type":"cond-expr","locations":[{"start":{"line":29,"column":47},"end":{"line":29,"column":67}},{"start":{"line":29,"column":70},"end":{"line":29,"column":89}}],"line":29},"2":{"loc":{"start":{"line":30,"column":18},"end":{"line":30,"column":101}},"type":"cond-expr","locations":[{"start":{"line":30,"column":51},"end":{"line":30,"column":75}},{"start":{"line":30,"column":78},"end":{"line":30,"column":101}}],"line":30},"3":{"loc":{"start":{"line":31,"column":16},"end":{"line":31,"column":106}},"type":"cond-expr","locations":[{"start":{"line":31,"column":54},"end":{"line":31,"column":79}},{"start":{"line":31,"column":82},"end":{"line":31,"column":106}}],"line":31},"4":{"loc":{"start":{"line":32,"column":15},"end":{"line":32,"column":102}},"type":"cond-expr","locations":[{"start":{"line":32,"column":52},"end":{"line":32,"column":76}},{"start":{"line":32,"column":79},"end":{"line":32,"column":102}}],"line":32}},"s":{"0":3,"1":3,"2":3,"3":3,"4":3,"5":3,"6":3,"7":3,"8":3,"9":3,"10":1,"11":0,"12":0,"13":0,"14":0,"15":2},"f":{"0":3,"1":0,"2":1,"3":0,"4":0,"5":0},"b":{"0":[0],"1":[3,0],"2":[3,0],"3":[3,0],"4":[0,3]},"_coverageSchema":"43e27e138ebf9cfc5966b082cf9a028302ed4184","hash":"7b7ac3d4e83e80e421f57d48d0b3a8e9c09d2d93"}
,"/Users/andy/Desktop/Upwork/ReservationApp/src/screens/reservations/sortReservations.js": {"path":"/Users/andy/Desktop/Upwork/ReservationApp/src/screens/reservations/sortReservations.js","statementMap":{"0":{"start":{"line":7,"column":25},"end":{"line":7,"column":27}},"1":{"start":{"line":8,"column":4},"end":{"line":26,"column":7}},"2":{"start":{"line":9,"column":6},"end":{"line":9,"column":51}},"3":{"start":{"line":9,"column":44},"end":{"line":9,"column":51}},"4":{"start":{"line":10,"column":26},"end":{"line":10,"column":34}},"5":{"start":{"line":11,"column":28},"end":{"line":11,"column":31}},"6":{"start":{"line":12,"column":6},"end":{"line":25,"column":7}},"7":{"start":{"line":13,"column":8},"end":{"line":13,"column":48}},"8":{"start":{"line":15,"column":16},"end":{"line":15,"column":17}},"9":{"start":{"line":16,"column":27},"end":{"line":16,"column":57}},"10":{"start":{"line":17,"column":8},"end":{"line":23,"column":9}},"11":{"start":{"line":18,"column":10},"end":{"line":21,"column":11}},"12":{"start":{"line":19,"column":12},"end":{"line":19,"column":62}},"13":{"start":{"line":20,"column":12},"end":{"line":20,"column":19}},"14":{"start":{"line":22,"column":10},"end":{"line":22,"column":14}},"15":{"start":{"line":24,"column":8},"end":{"line":24,"column":50}},"16":{"start":{"line":28,"column":19},"end":{"line":28,"column":44}},"17":{"start":{"line":29,"column":19},"end":{"line":29,"column":59}},"18":{"start":{"line":29,"column":39},"end":{"line":29,"column":58}},"19":{"start":{"line":30,"column":4},"end":{"line":30,"column":28}},"20":{"start":{"line":34,"column":27},"end":{"line":34,"column":47}},"21":{"start":{"line":35,"column":28},"end":{"line":35,"column":49}},"22":{"start":{"line":36,"column":22},"end":{"line":36,"column":53}},"23":{"start":{"line":37,"column":23},"end":{"line":37,"column":55}},"24":{"start":{"line":38,"column":4},"end":{"line":38,"column":45}},"25":{"start":{"line":38,"column":32},"end":{"line":38,"column":45}},"26":{"start":{"line":39,"column":23},"end":{"line":39,"column":54}},"27":{"start":{"line":40,"column":24},"end":{"line":40,"column":56}},"28":{"start":{"line":41,"column":4},"end":{"line":41,"column":47}},"29":{"start":{"line":41,"column":34},"end":{"line":41,"column":47}},"30":{"start":{"line":42,"column":21},"end":{"line":42,"column":52}},"31":{"start":{"line":43,"column":22},"end":{"line":43,"column":54}},"32":{"start":{"line":44,"column":4},"end":{"line":44,"column":73}},"33":{"start":{"line":44,"column":60},"end":{"line":44,"column":73}},"34":{"start":{"line":45,"column":4},"end":{"line":45,"column":16}},"35":{"start":{"line":49,"column":40},"end":{"line":49,"column":62}}},"fnMap":{"0":{"name":"(anonymous_0)","decl":{"start":{"line":6,"column":9},"end":{"line":6,"column":10}},"loc":{"start":{"line":6,"column":60},"end":{"line":31,"column":3}},"line":6},"1":{"name":"(anonymous_1)","decl":{"start":{"line":6,"column":47},"end":{"line":6,"column":48}},"loc":{"start":{"line":6,"column":53},"end":{"line":6,"column":55}},"line":6},"2":{"name":"(anonymous_2)","decl":{"start":{"line":8,"column":25},"end":{"line":8,"column":26}},"loc":{"start":{"line":8,"column":34},"end":{"line":26,"column":5}},"line":8},"3":{"name":"(anonymous_3)","decl":{"start":{"line":29,"column":30},"end":{"line":29,"column":31}},"loc":{"start":{"line":29,"column":39},"end":{"line":29,"column":58}},"line":29},"4":{"name":"(anonymous_4)","decl":{"start":{"line":33,"column":23},"end":{"line":33,"column":24}},"loc":{"start":{"line":33,"column":66},"end":{"line":46,"column":3}},"line":33}},"branchMap":{"0":{"loc":{"start":{"line":6,"column":10},"end":{"line":6,"column":27}},"type":"default-arg","locations":[{"start":{"line":6,"column":25},"end":{"line":6,"column":27}}],"line":6},"1":{"loc":{"start":{"line":6,"column":29},"end":{"line":6,"column":55}},"type":"default-arg","locations":[{"start":{"line":6,"column":47},"end":{"line":6,"column":55}}],"line":6},"2":{"loc":{"start":{"line":9,"column":6},"end":{"line":9,"column":51}},"type":"if","locations":[{"start":{"line":9,"column":6},"end":{"line":9,"column":51}},{"start":{"line":9,"column":6},"end":{"line":9,"column":51}}],"line":9},"3":{"loc":{"start":{"line":12,"column":6},"end":{"line":25,"column":7}},"type":"if","locations":[{"start":{"line":12,"column":6},"end":{"line":25,"column":7}},{"start":{"line":12,"column":6},"end":{"line":25,"column":7}}],"line":12},"4":{"loc":{"start":{"line":18,"column":10},"end":{"line":21,"column":11}},"type":"if","locations":[{"start":{"line":18,"column":10},"end":{"line":21,"column":11}},{"start":{"line":18,"column":10},"end":{"line":21,"column":11}}],"line":18},"5":{"loc":{"start":{"line":38,"column":4},"end":{"line":38,"column":45}},"type":"if","locations":[{"start":{"line":38,"column":4},"end":{"line":38,"column":45}},{"start":{"line":38,"column":4},"end":{"line":38,"column":45}}],"line":38},"6":{"loc":{"start":{"line":41,"column":4},"end":{"line":41,"column":47}},"type":"if","locations":[{"start":{"line":41,"column":4},"end":{"line":41,"column":47}},{"start":{"line":41,"column":4},"end":{"line":41,"column":47}}],"line":41},"7":{"loc":{"start":{"line":44,"column":4},"end":{"line":44,"column":73}},"type":"if","locations":[{"start":{"line":44,"column":4},"end":{"line":44,"column":73}},{"start":{"line":44,"column":4},"end":{"line":44,"column":73}}],"line":44},"8":{"loc":{"start":{"line":44,"column":8},"end":{"line":44,"column":58}},"type":"binary-expr","locations":[{"start":{"line":44,"column":8},"end":{"line":44,"column":34}},{"start":{"line":44,"column":38},"end":{"line":44,"column":58}}],"line":44}},"s":{"0":1,"1":1,"2":6,"3":0,"4":6,"5":6,"6":6,"7":2,"8":4,"9":4,"10":4,"11":6,"12":3,"13":3,"14":3,"15":1,"16":1,"17":1,"18":2,"19":1,"20":6,"21":6,"22":6,"23":6,"24":6,"25":3,"26":3,"27":3,"28":3,"29":0,"30":3,"31":3,"32":3,"33":0,"34":3,"35":2},"f":{"0":1,"1":0,"2":6,"3":2,"4":6},"b":{"0":[0],"1":[0],"2":[0,6],"3":[2,4],"4":[3,3],"5":[3,3],"6":[0,3],"7":[0,3],"8":[3,1]},"_coverageSchema":"43e27e138ebf9cfc5966b082cf9a028302ed4184","hash":"224c2f8ac3daa0fc9a40788b97c72c3f4a87d67b"}
,"/Users/andy/Desktop/Upwork/ReservationApp/src/theme/borderBox.js": {"path":"/Users/andy/Desktop/Upwork/ReservationApp/src/theme/borderBox.js","statementMap":{},"fnMap":{},"branchMap":{},"s":{},"f":{},"b":{},"_coverageSchema":"43e27e138ebf9cfc5966b082cf9a028302ed4184","hash":"6a377bba3c4bd8dcad5c1d9a01de66158296894a"}
,"/Users/andy/Desktop/Upwork/ReservationApp/src/theme/colors.js": {"path":"/Users/andy/Desktop/Upwork/ReservationApp/src/theme/colors.js","statementMap":{},"fnMap":{},"branchMap":{},"s":{},"f":{},"b":{},"_coverageSchema":"43e27e138ebf9cfc5966b082cf9a028302ed4184","hash":"4799505417d0a165054a91c6f8224f5068662609"}
,"/Users/andy/Desktop/Upwork/ReservationApp/src/theme/constants.js": {"path":"/Users/andy/Desktop/Upwork/ReservationApp/src/theme/constants.js","statementMap":{"0":{"start":{"line":2,"column":26},"end":{"line":2,"column":50}}},"fnMap":{},"branchMap":{},"s":{"0":10},"f":{},"b":{},"_coverageSchema":"43e27e138ebf9cfc5966b082cf9a028302ed4184","hash":"926fd9a12a45420fee8888944ab28ed8ee81adad"}
,"/Users/andy/Desktop/Upwork/ReservationApp/src/theme/elevation.js": {"path":"/Users/andy/Desktop/Upwork/ReservationApp/src/theme/elevation.js","statementMap":{"0":{"start":{"line":4,"column":18},"end":{"line":14,"column":2}}},"fnMap":{},"branchMap":{},"s":{"0":10},"f":{},"b":{},"_coverageSchema":"43e27e138ebf9cfc5966b082cf9a028302ed4184","hash":"596b437090329fc8816ca103937eda97d05b0d67"}
,"/Users/andy/Desktop/Upwork/ReservationApp/src/theme/fonts.js": {"path":"/Users/andy/Desktop/Upwork/ReservationApp/src/theme/fonts.js","statementMap":{},"fnMap":{},"branchMap":{},"s":{},"f":{},"b":{},"_coverageSchema":"43e27e138ebf9cfc5966b082cf9a028302ed4184","hash":"38faef091b37ffce5d798cdd0da4b9221d3103f1"}
,"/Users/andy/Desktop/Upwork/ReservationApp/src/theme/hitSlops.js": {"path":"/Users/andy/Desktop/Upwork/ReservationApp/src/theme/hitSlops.js","statementMap":{},"fnMap":{},"branchMap":{},"s":{},"f":{},"b":{},"_coverageSchema":"43e27e138ebf9cfc5966b082cf9a028302ed4184","hash":"d2ac0c2ddb179773f1989354c9f8a14f2528e5ea"}
,"/Users/andy/Desktop/Upwork/ReservationApp/src/theme/index.js": {"path":"/Users/andy/Desktop/Upwork/ReservationApp/src/theme/index.js","statementMap":{},"fnMap":{},"branchMap":{},"s":{},"f":{},"b":{},"_coverageSchema":"43e27e138ebf9cfc5966b082cf9a028302ed4184","hash":"98dd3897243f069ab6e15172e8631f14878b8e30"}
,"/Users/andy/Desktop/Upwork/ReservationApp/src/utils/ErrorBoundary.js": {"path":"/Users/andy/Desktop/Upwork/ReservationApp/src/utils/ErrorBoundary.js","statementMap":{"0":{"start":{"line":6,"column":4},"end":{"line":6,"column":17}},"1":{"start":{"line":7,"column":4},"end":{"line":7,"column":37}},"2":{"start":{"line":12,"column":4},"end":{"line":12,"column":30}},"3":{"start":{"line":17,"column":4},"end":{"line":17,"column":30}},"4":{"start":{"line":21,"column":4},"end":{"line":24,"column":5}},"5":{"start":{"line":23,"column":6},"end":{"line":23,"column":48}},"6":{"start":{"line":26,"column":4},"end":{"line":26,"column":31}}},"fnMap":{"0":{"name":"(anonymous_0)","decl":{"start":{"line":5,"column":2},"end":{"line":5,"column":3}},"loc":{"start":{"line":5,"column":21},"end":{"line":8,"column":3}},"line":5},"1":{"name":"(anonymous_1)","decl":{"start":{"line":10,"column":2},"end":{"line":10,"column":3}},"loc":{"start":{"line":10,"column":41},"end":{"line":13,"column":3}},"line":10},"2":{"name":"(anonymous_2)","decl":{"start":{"line":15,"column":2},"end":{"line":15,"column":3}},"loc":{"start":{"line":15,"column":33},"end":{"line":18,"column":3}},"line":15},"3":{"name":"(anonymous_3)","decl":{"start":{"line":20,"column":2},"end":{"line":20,"column":3}},"loc":{"start":{"line":20,"column":11},"end":{"line":27,"column":3}},"line":20}},"branchMap":{"0":{"loc":{"start":{"line":21,"column":4},"end":{"line":24,"column":5}},"type":"if","locations":[{"start":{"line":21,"column":4},"end":{"line":24,"column":5}},{"start":{"line":21,"column":4},"end":{"line":24,"column":5}}],"line":21}},"s":{"0":1,"1":1,"2":1,"3":1,"4":2,"5":1,"6":1},"f":{"0":1,"1":1,"2":1,"3":2},"b":{"0":[1,1]},"_coverageSchema":"43e27e138ebf9cfc5966b082cf9a028302ed4184","hash":"4e9622e44bafa1860feba9cd5cf33ab2217208f9"}
}
