TN:
SF:/Users/andy/Desktop/Upwork/ReservationApp/src/App.js
FN:10,(anonymous_0)
FNF:1
FNH:1
FNDA:1,(anonymous_0)
DA:11,1
LF:1
LH:1
BRF:0
BRH:0
end_of_record
TN:
SF:/Users/andy/Desktop/Upwork/ReservationApp/src/env.js
FNF:0
FNH:0
LF:0
LH:0
BRF:0
BRH:0
end_of_record
TN:
SF:/Users/andy/Desktop/Upwork/ReservationApp/src/setup.js
FN:17,(anonymous_0)
FN:24,(anonymous_1)
FNF:2
FNH:2
FNDA:1,(anonymous_0)
FNDA:1,(anonymous_1)
DA:18,1
DA:19,1
DA:25,1
LF:3
LH:3
BRF:0
BRH:0
end_of_record
TN:
SF:/Users/andy/Desktop/Upwork/ReservationApp/src/common/ButtonActionRound.js
FN:11,(anonymous_0)
FN:11,(anonymous_1)
FNF:2
FNH:1
FNDA:1,(anonymous_0)
FNDA:0,(anonymous_1)
DA:12,1
DA:23,2
LF:2
LH:2
BRDA:11,0,0,1
BRDA:11,1,0,1
BRF:2
BRH:2
end_of_record
TN:
SF:/Users/andy/Desktop/Upwork/ReservationApp/src/common/HeaderImage.js
FN:7,(anonymous_0)
FNF:1
FNH:1
FNDA:2,(anonymous_0)
DA:8,2
DA:11,2
LF:2
LH:2
BRF:0
BRH:0
end_of_record
TN:
SF:/Users/andy/Desktop/Upwork/ReservationApp/src/common/HeaderTitle.js
FN:16,(anonymous_0)
FN:16,(anonymous_1)
FNF:2
FNH:1
FNDA:2,(anonymous_0)
FNDA:0,(anonymous_1)
DA:17,2
DA:30,2
LF:2
LH:2
BRDA:16,0,0,2
BRDA:16,1,0,2
BRDA:16,2,0,1
BRDA:18,3,0,2
BRDA:18,3,1,0
BRF:5
BRH:4
end_of_record
TN:
SF:/Users/andy/Desktop/Upwork/ReservationApp/src/common/InputRegular.js
FN:13,(anonymous_0)
FN:13,(anonymous_1)
FN:21,(anonymous_2)
FN:22,(anonymous_3)
FN:23,(anonymous_4)
FNF:5
FNH:1
FNDA:1,(anonymous_0)
FNDA:0,(anonymous_1)
FNDA:0,(anonymous_2)
FNDA:0,(anonymous_3)
FNDA:0,(anonymous_4)
DA:14,1
DA:16,1
DA:21,0
DA:22,0
DA:23,0
DA:33,2
LF:6
LH:3
BRDA:13,0,0,1
BRDA:13,1,0,1
BRDA:13,2,0,1
BRDA:13,3,0,1
BRDA:17,4,0,1
BRDA:17,4,1,0
BRF:6
BRH:5
end_of_record
TN:
SF:/Users/andy/Desktop/Upwork/ReservationApp/src/common/LoadingIndicator.js
FN:13,(anonymous_0)
FNF:1
FNH:1
FNDA:2,(anonymous_0)
DA:19,2
DA:32,2
LF:2
LH:2
BRF:0
BRH:0
end_of_record
TN:
SF:/Users/andy/Desktop/Upwork/ReservationApp/src/common/img/hotel-front-desk.jpeg
FNF:0
FNH:0
DA:1,2
LF:1
LH:1
BRF:0
BRH:0
end_of_record
TN:
SF:/Users/andy/Desktop/Upwork/ReservationApp/src/common/img/index.js
FNF:0
FNH:0
LF:0
LH:0
BRF:0
BRH:0
end_of_record
TN:
SF:/Users/andy/Desktop/Upwork/ReservationApp/src/graphql/mutations/createReservations.js
FNF:0
FNH:0
DA:3,1
LF:1
LH:1
BRF:0
BRH:0
end_of_record
TN:
SF:/Users/andy/Desktop/Upwork/ReservationApp/src/graphql/queries/reservationQuery.js
FNF:0
FNH:0
DA:3,1
LF:1
LH:1
BRF:0
BRH:0
end_of_record
TN:
SF:/Users/andy/Desktop/Upwork/ReservationApp/src/tabs/reservations/Reservations.js
FN:29,(anonymous_0)
FN:35,(anonymous_1)
FN:48,(anonymous_2)
FNF:3
FNH:1
FNDA:1,(anonymous_0)
FNDA:0,(anonymous_1)
FNDA:0,(anonymous_2)
DA:20,1
DA:29,1
DA:30,1
DA:32,1
DA:33,1
DA:35,1
DA:36,0
DA:39,1
DA:40,1
DA:48,0
DA:51,0
DA:59,1
LF:12
LH:9
BRDA:39,0,0,1
BRDA:39,0,1,0
BRDA:39,1,0,1
BRDA:39,1,1,0
BRDA:48,2,0,0
BRDA:48,2,1,0
BRF:6
BRH:2
end_of_record
TN:
SF:/Users/andy/Desktop/Upwork/ReservationApp/src/tabs/reservations/ReservationsHeader.js
FN:15,(anonymous_0)
FNF:1
FNH:1
FNDA:1,(anonymous_0)
DA:16,1
DA:22,1
LF:2
LH:2
BRDA:15,0,0,0
BRF:1
BRH:0
end_of_record
TN:
SF:/Users/andy/Desktop/Upwork/ReservationApp/src/tabs/reservations/ReservationsList.js
FN:19,(anonymous_0)
FN:19,(anonymous_1)
FN:22,(anonymous_2)
FN:24,(anonymous_3)
FNF:4
FNH:0
FNDA:0,(anonymous_0)
FNDA:0,(anonymous_1)
FNDA:0,(anonymous_2)
FNDA:0,(anonymous_3)
DA:20,0
DA:22,0
DA:25,0
DA:26,0
DA:27,0
DA:38,1
LF:6
LH:1
BRDA:19,0,0,0
BRDA:19,1,0,0
BRDA:25,2,0,0
BRDA:25,2,1,0
BRDA:26,3,0,0
BRDA:26,3,1,0
BRF:6
BRH:0
end_of_record
TN:
SF:/Users/andy/Desktop/Upwork/ReservationApp/src/tabs/reservations/ReservationsListItem.js
FN:14,(anonymous_0)
FN:21,(anonymous_1)
FNF:2
FNH:0
FNDA:0,(anonymous_0)
FNDA:0,(anonymous_1)
DA:15,0
DA:16,0
DA:17,0
DA:22,0
DA:37,1
LF:5
LH:1
BRDA:14,0,0,0
BRDA:15,1,0,0
BRDA:15,1,1,0
BRF:3
BRH:0
end_of_record
TN:
SF:/Users/andy/Desktop/Upwork/ReservationApp/src/tabs/reservations/ReservationsScheduler.js
FN:22,(anonymous_0)
FN:22,(anonymous_1)
FN:47,(anonymous_2)
FN:77,(anonymous_3)
FN:87,(anonymous_4)
FN:91,(anonymous_5)
FNF:6
FNH:0
FNDA:0,(anonymous_0)
FNDA:0,(anonymous_1)
FNDA:0,(anonymous_2)
FNDA:0,(anonymous_3)
FNDA:0,(anonymous_4)
FNDA:0,(anonymous_5)
DA:23,0
DA:24,0
DA:25,0
DA:26,0
DA:28,0
DA:29,0
DA:30,0
DA:31,0
DA:32,0
DA:34,0
DA:48,0
DA:78,0
DA:88,0
DA:89,0
DA:91,0
DA:101,1
LF:16
LH:1
BRDA:22,0,0,0
BRDA:29,1,0,0
BRDA:29,1,1,0
BRDA:30,2,0,0
BRDA:30,2,1,0
BRDA:31,3,0,0
BRDA:31,3,1,0
BRDA:32,4,0,0
BRDA:32,4,1,0
BRF:9
BRH:0
end_of_record
TN:
SF:/Users/andy/Desktop/Upwork/ReservationApp/src/tabs/reservations/index.js
FNF:0
FNH:0
LF:0
LH:0
BRF:0
BRH:0
end_of_record
TN:
SF:/Users/andy/Desktop/Upwork/ReservationApp/src/tabs/reservations/sortReservations.js
FN:6,(anonymous_0)
FN:6,(anonymous_1)
FN:8,(anonymous_2)
FN:29,(anonymous_3)
FN:33,(anonymous_4)
FNF:5
FNH:4
FNDA:1,(anonymous_0)
FNDA:0,(anonymous_1)
FNDA:6,(anonymous_2)
FNDA:2,(anonymous_3)
FNDA:6,(anonymous_4)
DA:7,1
DA:8,1
DA:9,6
DA:10,6
DA:11,6
DA:12,6
DA:13,2
DA:15,4
DA:16,4
DA:17,4
DA:18,6
DA:19,3
DA:20,3
DA:22,3
DA:24,1
DA:28,1
DA:29,2
DA:30,1
DA:34,6
DA:35,6
DA:36,6
DA:37,6
DA:38,6
DA:39,3
DA:40,3
DA:41,3
DA:42,3
DA:43,3
DA:44,3
DA:45,3
DA:49,2
LF:31
LH:31
BRDA:6,0,0,0
BRDA:6,1,0,0
BRDA:9,2,0,0
BRDA:9,2,1,6
BRDA:12,3,0,2
BRDA:12,3,1,4
BRDA:18,4,0,3
BRDA:18,4,1,3
BRDA:38,5,0,3
BRDA:38,5,1,3
BRDA:41,6,0,0
BRDA:41,6,1,3
BRDA:44,7,0,0
BRDA:44,7,1,3
BRDA:44,8,0,3
BRDA:44,8,1,1
BRF:16
BRH:11
end_of_record
TN:
SF:/Users/andy/Desktop/Upwork/ReservationApp/src/theme/borderBox.js
FNF:0
FNH:0
LF:0
LH:0
BRF:0
BRH:0
end_of_record
TN:
SF:/Users/andy/Desktop/Upwork/ReservationApp/src/theme/colors.js
FNF:0
FNH:0
LF:0
LH:0
BRF:0
BRH:0
end_of_record
TN:
SF:/Users/andy/Desktop/Upwork/ReservationApp/src/theme/constants.js
FNF:0
FNH:0
DA:2,6
LF:1
LH:1
BRF:0
BRH:0
end_of_record
TN:
SF:/Users/andy/Desktop/Upwork/ReservationApp/src/theme/elevation.js
FNF:0
FNH:0
DA:4,6
LF:1
LH:1
BRF:0
BRH:0
end_of_record
TN:
SF:/Users/andy/Desktop/Upwork/ReservationApp/src/theme/fonts.js
FNF:0
FNH:0
LF:0
LH:0
BRF:0
BRH:0
end_of_record
TN:
SF:/Users/andy/Desktop/Upwork/ReservationApp/src/theme/hitSlops.js
FNF:0
FNH:0
LF:0
LH:0
BRF:0
BRH:0
end_of_record
TN:
SF:/Users/andy/Desktop/Upwork/ReservationApp/src/theme/index.js
FNF:0
FNH:0
LF:0
LH:0
BRF:0
BRH:0
end_of_record
